<?xml version="1.0" encoding="UTF-8"?>
<!-- Generated by org.testng.reporters.JUnitXMLReporter -->
<testsuite ignored="0" hostname="Lingeswar" failures="0" tests="1" name="SearchTest" time="24.382" errors="0" timestamp="2023-09-29T15:55:59 IST">
  <testcase classname="CommonFunction.BrowserLanuch" name="@AfterTest teardownmethod" time="-1.695983159364E9">
    <failure type="org.testng.TestNGException" message="
Can inject only one of &amp;lt;ITestContext, XmlTest&amp;gt; into a @AfterTest annotated teardownmethod.
For more information on native dependency injection please refer to https://testng.org/doc/documentation-main.html#native-dependency-injection">
      <![CDATA[org.testng.TestNGException: 
Can inject only one of <ITestContext, XmlTest> into a @AfterTest annotated teardownmethod.
For more information on native dependency injection please refer to https://testng.org/doc/documentation-main.html#native-dependency-injection
... Removed 21 stack frames]]>
    </failure>
  </testcase> <!-- @AfterTest teardownmethod -->
  <testcase classname="TestCase.SearchTC" name="SearchpageTestcase" time="24.149"/>
</testsuite> <!-- SearchTest -->
