<?xml version="1.0" encoding="UTF-8"?>
<!-- Generated by org.testng.reporters.JUnitXMLReporter -->
<testsuite ignored="20" hostname="Lingeswar" failures="0" tests="6" name="Test" time="0.4" errors="0" timestamp="2023-09-26T19:03:15 IST">
  <testcase classname="CommonFunction.BrowserLanuch" name="@BeforeSuite openApp" time="0.054">
    <failure type="java.lang.NullPointerException" message="Cannot invoke &amp;quot;CommonFunction.ConfigDataProvider.geturl()&amp;quot; because &amp;quot;CommonFunction.BrowserLanuch.config&amp;quot; is null">
      <![CDATA[java.lang.NullPointerException: Cannot invoke "CommonFunction.ConfigDataProvider.geturl()" because "CommonFunction.BrowserLanuch.config" is null
at CommonFunction.BrowserLanuch.openApp(BrowserLanuch.java:33)
... Removed 19 stack frames]]>
    </failure>
  </testcase> <!-- @BeforeSuite openApp -->
  <testcase classname="CommonFunction.BrowserLanuch" name="@BeforeTest StartApplication" time="0.0">
    <skipped/>
  </testcase> <!-- @BeforeTest StartApplication -->
  <testcase classname="CommonFunction.BrowserLanuch" name="@AfterTest quitBrowser" time="0.0">
    <skipped/>
  </testcase> <!-- @AfterTest quitBrowser -->
  <testcase classname="TestCase.SearchTC" name="SearchpageTestcase" time="0.001">
    <skipped/>
  </testcase> <!-- SearchpageTestcase -->
  <testcase classname="TestCase.AddonTC" name="Addoncase" time="0.001">
    <skipped/>
  </testcase> <!-- Addoncase -->
  <testcase classname="TestCase.PaymentTC" name="Paymentcase" time="0.0">
    <skipped/>
  </testcase> <!-- Paymentcase -->
  <testcase classname="TestCase.ThanksTC" name="Thankscase" time="0.001">
    <skipped/>
  </testcase> <!-- Thankscase -->
  <testcase classname="TestCase.PassengerTC" name="Passengercase" time="0.001">
    <skipped/>
  </testcase> <!-- Passengercase -->
  <testcase classname="TestCase.FlightResultTC" name="Flightresultcase" time="0.001">
    <skipped/>
  </testcase> <!-- Flightresultcase -->
  <testcase classname="CommonFunction.BrowserLanuch" name="@BeforeSuite openApp" time="0.0">
    <ignored/>
  </testcase> <!-- @BeforeSuite openApp -->
  <testcase classname="CommonFunction.BrowserLanuch" name="@AfterTest quitBrowser" time="0.0">
    <ignored/>
  </testcase> <!-- @AfterTest quitBrowser -->
  <testcase classname="CommonFunction.BrowserLanuch" name="@AfterSuite closeApp" time="0.0">
    <ignored/>
  </testcase> <!-- @AfterSuite closeApp -->
  <testcase classname="CommonFunction.BrowserLanuch" name="@BeforeTest StartApplication" time="0.0">
    <ignored/>
  </testcase> <!-- @BeforeTest StartApplication -->
  <testcase classname="CommonFunction.BrowserLanuch" name="@AfterTest quitBrowser" time="0.0">
    <ignored/>
  </testcase> <!-- @AfterTest quitBrowser -->
  <testcase classname="CommonFunction.BrowserLanuch" name="@AfterSuite closeApp" time="0.0">
    <ignored/>
  </testcase> <!-- @AfterSuite closeApp -->
  <testcase classname="CommonFunction.BrowserLanuch" name="@BeforeSuite openApp" time="0.0">
    <ignored/>
  </testcase> <!-- @BeforeSuite openApp -->
  <testcase classname="CommonFunction.BrowserLanuch" name="@BeforeSuite openApp" time="0.0">
    <ignored/>
  </testcase> <!-- @BeforeSuite openApp -->
  <testcase classname="CommonFunction.BrowserLanuch" name="@BeforeTest StartApplication" time="0.0">
    <ignored/>
  </testcase> <!-- @BeforeTest StartApplication -->
  <testcase classname="CommonFunction.BrowserLanuch" name="@BeforeTest StartApplication" time="0.0">
    <ignored/>
  </testcase> <!-- @BeforeTest StartApplication -->
  <testcase classname="CommonFunction.BrowserLanuch" name="@AfterTest quitBrowser" time="0.0">
    <ignored/>
  </testcase> <!-- @AfterTest quitBrowser -->
  <testcase classname="CommonFunction.BrowserLanuch" name="@AfterSuite closeApp" time="0.0">
    <ignored/>
  </testcase> <!-- @AfterSuite closeApp -->
  <testcase classname="CommonFunction.BrowserLanuch" name="@BeforeTest StartApplication" time="0.0">
    <ignored/>
  </testcase> <!-- @BeforeTest StartApplication -->
  <testcase classname="CommonFunction.BrowserLanuch" name="@BeforeSuite openApp" time="0.0">
    <ignored/>
  </testcase> <!-- @BeforeSuite openApp -->
  <testcase classname="CommonFunction.BrowserLanuch" name="@AfterTest quitBrowser" time="0.0">
    <ignored/>
  </testcase> <!-- @AfterTest quitBrowser -->
  <testcase classname="CommonFunction.BrowserLanuch" name="@AfterSuite closeApp" time="0.0">
    <ignored/>
  </testcase> <!-- @AfterSuite closeApp -->
  <testcase classname="CommonFunction.BrowserLanuch" name="@BeforeSuite openApp" time="0.0">
    <ignored/>
  </testcase> <!-- @BeforeSuite openApp -->
  <testcase classname="CommonFunction.BrowserLanuch" name="@AfterTest quitBrowser" time="0.0">
    <ignored/>
  </testcase> <!-- @AfterTest quitBrowser -->
  <testcase classname="CommonFunction.BrowserLanuch" name="@AfterSuite closeApp" time="0.0">
    <ignored/>
  </testcase> <!-- @AfterSuite closeApp -->
  <testcase classname="CommonFunction.BrowserLanuch" name="@BeforeTest StartApplication" time="0.0">
    <ignored/>
  </testcase> <!-- @BeforeTest StartApplication -->
</testsuite> <!-- Test -->
